
  .   ____          _            __ _ _
 /\\ / ___'_ __ _ _(_)_ __  __ _ \ \ \ \
( ( )\___ | '_ | '_| | '_ \/ _` | \ \ \ \
 \\/  ___)| |_)| | | | | || (_| |  ) ) ) )
  '  |____| .__|_| |_|_| |_\__, | / / / /
 =========|_|==============|___/=/_/_/_/

 :: Spring Boot ::                (v3.4.7)

2026-07-15T10:54:36.739+08:00  INFO 142176 --- [           main] com.smarttravel.SmartTravelApplication   : Starting SmartTravelApplication v1.0.0 using Java 21.0.9 with PID 142176 (D:\18\backend\target\smart-travel-backend-1.0.0.jar started by 28320 in D:\18\backend)
2026-07-15T10:54:36.741+08:00  INFO 142176 --- [           main] com.smarttravel.SmartTravelApplication   : The following 1 profile is active: "mysql"
2026-07-15T10:54:37.673+08:00  INFO 142176 --- [           main] .s.d.r.c.RepositoryConfigurationDelegate : Bootstrapping Spring Data JPA repositories in DEFAULT mode.
2026-07-15T10:54:37.727+08:00  INFO 142176 --- [           main] .s.d.r.c.RepositoryConfigurationDelegate : Finished Spring Data repository scanning in 44 ms. Found 3 JPA repository interfaces.
2026-07-15T10:54:38.329+08:00  INFO 142176 --- [           main] o.s.b.w.embedded.tomcat.TomcatWebServer  : Tomcat initialized with port 8080 (http)
2026-07-15T10:54:38.345+08:00  INFO 142176 --- [           main] o.apache.catalina.core.StandardService   : Starting service [Tomcat]
2026-07-15T10:54:38.346+08:00  INFO 142176 --- [           main] o.apache.catalina.core.StandardEngine    : Starting Servlet engine: [Apache Tomcat/10.1.42]
2026-07-15T10:54:38.378+08:00  INFO 142176 --- [           main] o.a.c.c.C.[Tomcat].[localhost].[/]       : Initializing Spring embedded WebApplicationContext
2026-07-15T10:54:38.379+08:00  INFO 142176 --- [           main] w.s.c.ServletWebServerApplicationContext : Root WebApplicationContext: initialization completed in 1574 ms
2026-07-15T10:54:38.499+08:00  INFO 142176 --- [           main] com.zaxxer.hikari.HikariDataSource       : HikariPool-1 - Starting...
2026-07-15T10:54:38.749+08:00  INFO 142176 --- [           main] com.zaxxer.hikari.pool.HikariPool        : HikariPool-1 - Added connection com.mysql.cj.jdbc.ConnectionImpl@b6bccb4
2026-07-15T10:54:38.752+08:00  INFO 142176 --- [           main] com.zaxxer.hikari.HikariDataSource       : HikariPool-1 - Start completed.
2026-07-15T10:54:38.829+08:00  INFO 142176 --- [           main] o.hibernate.jpa.internal.util.LogHelper  : HHH000204: Processing PersistenceUnitInfo [name: default]
2026-07-15T10:54:38.890+08:00  INFO 142176 --- [           main] org.hibernate.Version                    : HHH000412: Hibernate ORM core version 6.6.18.Final
2026-07-15T10:54:38.929+08:00  INFO 142176 --- [           main] o.h.c.internal.RegionFactoryInitiator    : HHH000026: Second-level cache disabled
2026-07-15T10:54:39.215+08:00  INFO 142176 --- [           main] o.s.o.j.p.SpringPersistenceUnitInfo      : No LoadTimeWeaver setup: ignoring JPA class transformer
2026-07-15T10:54:39.285+08:00  INFO 142176 --- [           main] org.hibernate.orm.connections.pooling    : HHH10001005: Database info:
	Database JDBC URL [Connecting through datasource 'HikariDataSource (HikariPool-1)']
	Database driver: undefined/unknown
	Database version: 9.5
	Autocommit mode: undefined/unknown
	Isolation level: undefined/unknown
	Minimum pool size: undefined/unknown
	Maximum pool size: undefined/unknown
2026-07-15T10:54:39.921+08:00  INFO 142176 --- [           main] o.h.e.t.j.p.i.JtaPlatformInitiator       : HHH000489: No JTA platform available (set 'hibernate.transaction.jta.platform' to enable JTA platform integration)
2026-07-15T10:54:39.952+08:00  INFO 142176 --- [           main] j.LocalContainerEntityManagerFactoryBean : Initialized JPA EntityManagerFactory for persistence unit 'default'
2026-07-15T10:54:40.631+08:00  WARN 142176 --- [           main] JpaBaseConfiguration$JpaWebConfiguration : spring.jpa.open-in-view is enabled by default. Therefore, database queries may be performed during view rendering. Explicitly configure spring.jpa.open-in-view to disable this warning
2026-07-15T10:54:41.014+08:00  INFO 142176 --- [           main] o.s.b.a.h2.H2ConsoleAutoConfiguration    : H2 console available at '/h2-console'. Database available at 'jdbc:mysql://127.0.0.1:3306/smart_travel?useUnicode=true&characterEncoding=utf8&serverTimezone=Asia/Shanghai&allowPublicKeyRetrieval=true&useSSL=false'
2026-07-15T10:54:41.124+08:00  INFO 142176 --- [           main] o.s.b.w.embedded.tomcat.TomcatWebServer  : Tomcat started on port 8080 (http) with context path '/'
2026-07-15T10:54:41.149+08:00  INFO 142176 --- [           main] com.smarttravel.SmartTravelApplication   : Started SmartTravelApplication in 4.863 seconds (process running for 5.35)
2026-07-15T10:56:24.477+08:00  INFO 142176 --- [nio-8080-exec-1] o.a.c.c.C.[Tomcat].[localhost].[/]       : Initializing Spring DispatcherServlet 'dispatcherServlet'
2026-07-15T10:56:24.478+08:00  INFO 142176 --- [nio-8080-exec-1] o.s.web.servlet.DispatcherServlet        : Initializing Servlet 'dispatcherServlet'
2026-07-15T10:56:24.479+08:00  INFO 142176 --- [nio-8080-exec-1] o.s.web.servlet.DispatcherServlet        : Completed initialization in 0 ms
